<?xml version="1.0" encoding="utf-8"?><testsuite errors="0" failures="0" name="pytest" skips="0" tests="8" time="2.637"><testcase classname="pytests.test_TestResults.TestTestResults" file="pytests/test_TestResults.py" line="7" name="test_load_test_results" time="0.00525569915771"></testcase><testcase classname="pytests.test_TestResults.TestTestResults" file="pytests/test_TestResults.py" line="40" name="test_RegisterTestResults" time="0.00304865837097"></testcase><testcase classname="pytests.test_prcheck.TestPRCheck" file="pytests/test_prcheck.py" line="6" name="test_prcheck_creation" time="0.00166606903076"></testcase><testcase classname="pytests.test_pullrequest.TestPullRequest" file="pytests/test_pullrequest.py" line="16" name="test_pullrequest_creation" time="0.619424819946"></testcase><testcase classname="pytests.test_pullrequest.TestPullRequest" file="pytests/test_pullrequest.py" line="41" name="test_GetPullInfo" time="0.454769134521"></testcase><testcase classname="pytests.test_pullrequest.TestPullRequest" file="pytests/test_pullrequest.py" line="72" name="test_LoadPRfromGitHub" time="0.00317192077637"></testcase><testcase classname="pytests.test_pullrequest.TestPullRequest" file="pytests/test_pullrequest.py" line="79" name="test_add_del_Check" time="0.495284795761"></testcase><testcase classname="pytests.test_pullrequest.TestPullRequest" file="pytests/test_pullrequest.py" line="116" name="test_SaveChecks" time="0.627221107483"></testcase></testsuite>